TN:
SF:/Code/cse100_pa3/src/FileUtils.hpp
FN:9,_ZN9FileUtils11isValidFileESs
FN:25,_ZN9FileUtils11isEmptyFileESs
FNDA:0,_ZN9FileUtils11isEmptyFileESs
FNDA:0,_ZN9FileUtils11isValidFileESs
FNF:2
FNH:0
DA:9,0
DA:10,0
DA:11,0
DA:14,0
DA:15,0
DA:17,0
DA:20,0
DA:21,0
DA:25,0
DA:26,0
DA:28,0
DA:29,0
DA:30,0
DA:31,0
DA:32,0
DA:34,0
DA:35,0
LF:17
LH:0
end_of_record
TN:
SF:/Code/cse100_pa3/src/bitStream/input/BitInputStream.cpp
FN:9,_ZN14BitInputStream4fillEv
FN:12,_GLOBAL__sub_I_BitInputStream.cpp
FN:12,_Z41__static_initialization_and_destruction_0ii
FN:12,_ZN14BitInputStream7readBitEv
FNDA:1,_GLOBAL__sub_I_BitInputStream.cpp
FNDA:1,_Z41__static_initialization_and_destruction_0ii
FNDA:2,_ZN14BitInputStream7readBitEv
FNDA:0,_ZN14BitInputStream4fillEv
FNF:4
FNH:3
BRDA:12,3,1,1
BRDA:12,3,2,0
BRDA:12,4,3,1
BRDA:12,4,4,0
BRF:4
BRH:2
DA:9,0
DA:12,8
LF:2
LH:1
end_of_record
TN:
SF:/Code/cse100_pa3/src/bitStream/input/BitInputStream.hpp
FN:24,_ZN14BitInputStreamC2ERSi
FNDA:1,_ZN14BitInputStreamC2ERSi
FNF:1
FNH:1
DA:24,1
LF:1
LH:1
end_of_record
TN:
SF:/Code/cse100_pa3/src/bitStream/output/BitOutputStream.cpp
FN:9,_ZN15BitOutputStream5flushEv
FN:12,_Z41__static_initialization_and_destruction_0ii
FN:12,_GLOBAL__sub_I_BitOutputStream.cpp
FN:12,_ZN15BitOutputStream8writeBitEi
FNDA:1,_Z41__static_initialization_and_destruction_0ii
FNDA:1,_GLOBAL__sub_I_BitOutputStream.cpp
FNDA:1,_ZN15BitOutputStream8writeBitEi
FNDA:1,_ZN15BitOutputStream5flushEv
FNF:4
FNH:4
BRDA:12,3,1,1
BRDA:12,3,2,0
BRDA:12,4,3,1
BRDA:12,4,4,0
BRF:4
BRH:2
DA:9,1
DA:12,5
LF:2
LH:2
end_of_record
TN:
SF:/Code/cse100_pa3/src/bitStream/output/BitOutputStream.hpp
FN:24,_ZN15BitOutputStreamC2ERSo
FNDA:1,_ZN15BitOutputStreamC2ERSo
FNF:1
FNH:1
DA:24,1
LF:1
LH:1
end_of_record
TN:
SF:/Code/cse100_pa3/src/compress.cpp
FN:15,_Z17pseudoCompressionSsSs
FN:54,_Z15trueCompressionSsSs
FN:57,main
FN:71,_Z41__static_initialization_and_destruction_0ii
FN:71,_GLOBAL__sub_I__Z17pseudoCompressionSsSs
FNDA:0,_Z41__static_initialization_and_destruction_0ii
FNDA:0,_Z17pseudoCompressionSsSs
FNDA:0,_GLOBAL__sub_I__Z17pseudoCompressionSsSs
FNDA:0,_Z15trueCompressionSsSs
FNDA:0,main
FNF:5
FNH:0
DA:15,0
DA:16,0
DA:17,0
DA:21,0
DA:22,0
DA:23,0
DA:25,0
DA:26,0
DA:27,0
DA:28,0
DA:31,0
DA:33,0
DA:34,0
DA:35,0
DA:36,0
DA:38,0
DA:40,0
DA:42,0
DA:44,0
DA:45,0
DA:47,0
DA:48,0
DA:50,0
DA:54,0
DA:57,0
DA:58,0
DA:61,0
DA:62,0
DA:63,0
DA:66,0
DA:70,0
DA:71,0
LF:32
LH:0
end_of_record
TN:
SF:/Code/cse100_pa3/src/encoder/HCNode.hpp
FN:27,_ZN6HCNodeC2EjhPS_S0_S0_
FN:34,_ZlsRSoRK6HCNode
FN:44,_ZNK13HCNodePtrCompclERP6HCNodeS2_
FNDA:34,_ZN6HCNodeC2EjhPS_S0_S0_
FNDA:0,_ZlsRSoRK6HCNode
FNDA:78,_ZNK13HCNodePtrCompclERP6HCNodeS2_
FNF:3
FNH:2
BRDA:45,0,0,22
BRDA:45,0,1,56
BRF:2
BRH:2
DA:27,34
DA:29,34
DA:34,0
DA:35,0
DA:36,0
DA:44,78
DA:45,78
DA:46,22
DA:48,56
LF:9
LH:6
end_of_record
TN:
SF:/Code/cse100_pa3/src/encoder/HCTree.cpp
FN:7,_ZN6HCTree9deleteAllERP6HCNode
FN:14,_ZN6HCTreeD2Ev
FN:20,_ZN6HCTree5buildERKSt6vectorIjSaIjEE
FN:57,_ZNK6HCTree6encodeEhR15BitOutputStream
FN:60,_ZNK6HCTree6encodeEhRSo
FN:85,_ZNK6HCTree6decodeER14BitInputStream
FN:88,_ZNK6HCTree6decodeERSi
FN:105,_Z41__static_initialization_and_destruction_0ii
FN:105,_GLOBAL__sub_I_HCTree.cpp
FNDA:3,_Z41__static_initialization_and_destruction_0ii
FNDA:6,_ZNK6HCTree6encodeEhRSo
FNDA:72,_ZN6HCTree9deleteAllERP6HCNode
FNDA:4,_ZNK6HCTree6decodeERSi
FNDA:0,_ZNK6HCTree6decodeER14BitInputStream
FNDA:3,_GLOBAL__sub_I_HCTree.cpp
FNDA:4,_ZN6HCTreeD2Ev
FNDA:0,_ZNK6HCTree6encodeEhR15BitOutputStream
FNDA:4,_ZN6HCTree5buildERKSt6vectorIjSaIjEE
FNF:9
FNH:7
BRDA:8,0,0,38
BRDA:8,0,1,34
BRDA:24,0,1,1024
BRDA:24,0,2,4
BRDA:25,0,1,18
BRDA:25,0,2,1006
BRDA:26,0,2,18
BRDA:26,0,3,0
BRDA:26,1,6,18
BRDA:26,1,7,0
BRDA:29,0,1,0
BRDA:29,0,2,4
BRDA:31,0,1,2
BRDA:31,0,2,2
BRDA:33,4294967295,1,2
BRDA:33,4294967295,2,0
BRDA:34,4294967295,1,2
BRDA:34,4294967295,2,0
BRDA:39,0,1,14
BRDA:39,0,2,2
BRDA:42,4294967295,1,14
BRDA:42,4294967295,2,0
BRDA:44,4294967295,1,14
BRDA:44,4294967295,2,0
BRDA:47,0,1,14
BRDA:47,0,2,0
BRDA:49,4294967295,0,8
BRDA:49,4294967295,1,6
BRDA:49,0,3,8
BRDA:49,0,4,0
BRDA:50,0,0,8
BRDA:50,0,1,6
BRDA:50,1,3,8
BRDA:50,1,4,0
BRDA:51,0,1,14
BRDA:51,0,2,0
BRDA:53,1,2,2
BRDA:53,1,3,2
BRDA:61,0,1,6
BRDA:61,0,2,0
BRDA:63,1,1,29
BRDA:63,1,2,0
BRDA:64,0,1,6
BRDA:64,0,2,23
BRDA:67,0,0,20
BRDA:67,0,1,6
BRDA:69,0,0,8
BRDA:69,0,1,12
BRDA:70,0,1,8
BRDA:70,0,2,0
BRDA:72,0,1,12
BRDA:72,0,2,0
BRDA:80,1,1,20
BRDA:80,1,2,6
BRDA:81,0,2,20
BRDA:81,0,3,0
BRDA:81,1,5,20
BRDA:81,1,6,0
BRDA:89,0,1,4
BRDA:89,0,2,0
BRDA:93,0,1,12
BRDA:93,0,2,0
BRDA:93,1,3,12
BRDA:93,1,4,0
BRDA:95,0,0,4
BRDA:95,0,1,8
BRDA:100,0,0,4
BRDA:100,0,1,8
BRDA:100,1,2,4
BRDA:100,1,3,0
BRDA:102,0,0,0
BRDA:102,0,1,4
BRDA:105,3,1,3
BRDA:105,3,2,0
BRDA:105,4,3,3
BRDA:105,4,4,0
BRF:76
BRH:52
DA:7,72
DA:8,72
DA:9,34
DA:10,34
DA:11,34
DA:14,8
DA:15,4
DA:16,4
DA:17,4
DA:20,4
DA:21,8
DA:24,1028
DA:25,1024
DA:26,18
DA:29,4
DA:30,0
DA:31,4
DA:32,2
DA:33,2
DA:34,2
DA:35,2
DA:37,2
DA:39,16
DA:41,14
DA:42,14
DA:43,14
DA:44,14
DA:46,42
DA:47,14
DA:48,14
DA:49,14
DA:50,14
DA:51,14
DA:53,4
DA:57,0
DA:60,6
DA:61,12
DA:63,29
DA:64,29
DA:66,6
DA:67,26
DA:68,20
DA:69,20
DA:70,8
DA:72,12
DA:73,20
DA:75,6
DA:80,26
DA:81,20
DA:83,6
DA:85,0
DA:88,4
DA:89,8
DA:90,4
DA:93,12
DA:94,12
DA:95,12
DA:96,4
DA:98,8
DA:100,12
DA:102,4
DA:104,4
DA:105,12
LF:63
LH:60
end_of_record
TN:
SF:/Code/cse100_pa3/src/encoder/HCTree.hpp
FN:29,_ZN6HCTreeC2Ev
FNDA:4,_ZN6HCTreeC2Ev
FNF:1
FNH:1
BRDA:31,4294967295,1,4
BRDA:31,4294967295,2,0
BRF:2
BRH:1
DA:29,8
DA:30,4
DA:31,4
DA:32,4
LF:4
LH:4
end_of_record
TN:
SF:/Code/cse100_pa3/src/uncompress.cpp
FN:15,_Z19pseudoDecompressionSsSs
FN:57,_Z17trueDecompressionSsSs
FN:60,main
FN:73,_Z41__static_initialization_and_destruction_0ii
FN:73,_GLOBAL__sub_I__Z19pseudoDecompressionSsSs
FNDA:0,_Z41__static_initialization_and_destruction_0ii
FNDA:0,_Z17trueDecompressionSsSs
FNDA:0,_Z19pseudoDecompressionSsSs
FNDA:0,_GLOBAL__sub_I__Z19pseudoDecompressionSsSs
FNDA:0,main
FNF:5
FNH:0
DA:15,0
DA:16,0
DA:17,0
DA:21,0
DA:22,0
DA:23,0
DA:26,0
DA:27,0
DA:28,0
DA:29,0
DA:32,0
DA:33,0
DA:34,0
DA:35,0
DA:37,0
DA:38,0
DA:39,0
DA:42,0
DA:43,0
DA:44,0
DA:45,0
DA:46,0
DA:47,0
DA:50,0
DA:51,0
DA:52,0
DA:53,0
DA:57,0
DA:60,0
DA:61,0
DA:64,0
DA:65,0
DA:66,0
DA:69,0
DA:71,0
DA:72,0
DA:73,0
LF:37
LH:0
end_of_record
