TN:
SF:/Code/cse100_pa3/src/FileUtils.hpp
FN:9,_ZN9FileUtils11isValidFileESs
FN:25,_ZN9FileUtils11isEmptyFileESs
FNDA:0,_ZN9FileUtils11isEmptyFileESs
FNDA:0,_ZN9FileUtils11isValidFileESs
FNF:2
FNH:0
DA:9,0
DA:10,0
DA:11,0
DA:14,0
DA:15,0
DA:17,0
DA:20,0
DA:21,0
DA:25,0
DA:26,0
DA:28,0
DA:29,0
DA:30,0
DA:31,0
DA:32,0
DA:34,0
DA:35,0
LF:17
LH:0
end_of_record
TN:
SF:/Code/cse100_pa3/src/bitStream/input/BitInputStream.cpp
FN:29,_ZN14BitInputStream4fillEv
FN:46,_ZN14BitInputStream7readBitEv
FN:72,_ZN14BitInputStream8readCharEv
FN:85,_ZN14BitInputStream9readShortEv
FN:97,_GLOBAL__sub_I_BitInputStream.cpp
FN:97,_Z41__static_initialization_and_destruction_0ii
FN:97,_ZN14BitInputStream7getBitsEv
FNDA:3,_GLOBAL__sub_I_BitInputStream.cpp
FNDA:3,_Z41__static_initialization_and_destruction_0ii
FNDA:2,_ZN14BitInputStream9readShortEv
FNDA:52,_ZN14BitInputStream7readBitEv
FNDA:11,_ZN14BitInputStream4fillEv
FNDA:2,_ZN14BitInputStream7getBitsEv
FNDA:1,_ZN14BitInputStream8readCharEv
FNF:7
FNH:7
BRDA:31,0,0,8
BRDA:31,0,1,3
BRDA:48,0,0,35
BRDA:48,0,1,17
BRDA:49,0,0,32
BRDA:49,0,1,3
BRDA:49,1,2,5
BRDA:49,1,3,27
BRDA:57,0,0,16
BRDA:57,0,1,1
BRDA:57,1,2,1
BRDA:57,1,3,15
BRDA:74,1,0,8
BRDA:74,1,1,1
BRDA:87,1,0,32
BRDA:87,1,1,2
BRDA:97,3,1,3
BRDA:97,3,2,0
BRDA:97,4,3,3
BRDA:97,4,4,0
BRF:20
BRH:18
DA:29,11
DA:31,11
DA:32,8
DA:34,3
DA:35,3
DA:36,3
DA:37,3
DA:39,11
DA:46,52
DA:48,52
DA:49,35
DA:50,8
DA:51,8
DA:54,35
DA:57,17
DA:58,2
DA:59,2
DA:61,17
DA:63,52
DA:64,52
DA:72,1
DA:73,1
DA:74,9
DA:75,8
DA:78,1
DA:85,2
DA:86,2
DA:87,34
DA:88,32
DA:91,2
DA:97,16
LF:31
LH:31
end_of_record
TN:
SF:/Code/cse100_pa3/src/bitStream/input/BitInputStream.hpp
FN:36,_ZN14BitInputStreamC2ERSi
FNDA:6,_ZN14BitInputStreamC2ERSi
FNF:1
FNH:1
DA:36,6
DA:37,6
DA:38,6
DA:39,6
DA:40,6
LF:5
LH:5
end_of_record
TN:
SF:/Code/cse100_pa3/src/bitStream/output/BitOutputStream.cpp
FN:19,_ZN15BitOutputStream5flushEv
FN:34,_ZN15BitOutputStream8writeBitEi
FN:48,_ZN15BitOutputStream9writeCharEh
FN:61,_ZN15BitOutputStream7getBitsEv
FN:67,_ZN15BitOutputStream10writeShortEt
FN:74,_Z41__static_initialization_and_destruction_0ii
FN:74,_GLOBAL__sub_I_BitOutputStream.cpp
FNDA:3,_Z41__static_initialization_and_destruction_0ii
FNDA:3,_GLOBAL__sub_I_BitOutputStream.cpp
FNDA:1,_ZN15BitOutputStream10writeShortEt
FNDA:1,_ZN15BitOutputStream7getBitsEv
FNDA:108,_ZN15BitOutputStream8writeBitEi
FNDA:9,_ZN15BitOutputStream9writeCharEh
FNDA:13,_ZN15BitOutputStream5flushEv
FNF:7
FNH:7
BRDA:20,0,0,2
BRDA:20,0,1,11
BRDA:35,0,0,90
BRDA:35,0,1,18
BRDA:36,0,0,9
BRDA:36,0,1,81
BRDA:39,0,0,0
BRDA:39,0,1,18
BRDA:50,1,0,72
BRDA:50,1,1,9
BRDA:69,1,0,16
BRDA:69,1,1,1
BRDA:74,3,1,3
BRDA:74,3,2,0
BRDA:74,4,3,3
BRDA:74,4,4,0
BRF:16
BRH:13
DA:19,13
DA:20,13
DA:21,2
DA:22,2
DA:24,11
DA:26,13
DA:27,13
DA:28,13
DA:34,108
DA:35,108
DA:36,90
DA:37,90
DA:39,18
DA:40,18
DA:42,108
DA:43,108
DA:48,9
DA:49,9
DA:50,81
DA:51,72
DA:52,72
DA:53,72
DA:55,9
DA:61,2
DA:67,1
DA:68,1
DA:69,17
DA:70,16
DA:71,16
DA:72,16
DA:74,12
LF:31
LH:31
end_of_record
TN:
SF:/Code/cse100_pa3/src/bitStream/output/BitOutputStream.hpp
FN:36,_ZN15BitOutputStreamC2ERSo
FNDA:4,_ZN15BitOutputStreamC2ERSo
FNF:1
FNH:1
DA:36,4
DA:37,4
DA:38,4
DA:39,4
DA:40,4
LF:5
LH:5
end_of_record
TN:
SF:/Code/cse100_pa3/src/compress.cpp
FN:23,_Z17pseudoCompressionSsSs
FN:65,_Z15trueCompressionSsSs
FN:118,_Z16extraCompressionSsSs
FN:203,main
FN:241,_Z41__static_initialization_and_destruction_0ii
FN:241,_GLOBAL__sub_I__Z17pseudoCompressionSsSs
FNDA:0,_Z41__static_initialization_and_destruction_0ii
FNDA:0,_Z17pseudoCompressionSsSs
FNDA:0,_GLOBAL__sub_I__Z17pseudoCompressionSsSs
FNDA:0,_Z15trueCompressionSsSs
FNDA:0,_Z16extraCompressionSsSs
FNDA:0,main
FNF:6
FNH:0
DA:23,0
DA:24,0
DA:25,0
DA:29,0
DA:30,0
DA:31,0
DA:33,0
DA:34,0
DA:35,0
DA:36,0
DA:39,0
DA:41,0
DA:42,0
DA:43,0
DA:44,0
DA:46,0
DA:48,0
DA:50,0
DA:52,0
DA:53,0
DA:56,0
DA:57,0
DA:59,0
DA:65,0
DA:66,0
DA:67,0
DA:70,0
DA:71,0
DA:72,0
DA:73,0
DA:74,0
DA:76,0
DA:77,0
DA:78,0
DA:79,0
DA:82,0
DA:84,0
DA:85,0
DA:86,0
DA:87,0
DA:89,0
DA:91,0
DA:92,0
DA:95,0
DA:96,0
DA:100,0
DA:101,0
DA:103,0
DA:104,0
DA:106,0
DA:108,0
DA:110,0
DA:111,0
DA:112,0
DA:118,0
DA:119,0
DA:120,0
DA:123,0
DA:124,0
DA:125,0
DA:126,0
DA:127,0
DA:129,0
DA:130,0
DA:133,0
DA:134,0
DA:135,0
DA:136,0
DA:139,0
DA:140,0
DA:141,0
DA:142,0
DA:143,0
DA:144,0
DA:145,0
DA:146,0
DA:147,0
DA:148,0
DA:150,0
DA:151,0
DA:155,0
DA:156,0
DA:157,0
DA:158,0
DA:159,0
DA:160,0
DA:161,0
DA:162,0
DA:163,0
DA:165,0
DA:166,0
DA:169,0
DA:171,0
DA:173,0
DA:174,0
DA:177,0
DA:178,0
DA:182,0
DA:184,0
DA:186,0
DA:188,0
DA:191,0
DA:192,0
DA:194,0
DA:196,0
DA:198,0
DA:199,0
DA:200,0
DA:203,0
DA:205,0
DA:206,0
DA:208,0
DA:209,0
DA:210,0
DA:211,0
DA:213,0
DA:215,0
DA:216,0
DA:217,0
DA:218,0
DA:219,0
DA:220,0
DA:222,0
DA:223,0
DA:224,0
DA:225,0
DA:230,0
DA:231,0
DA:240,0
DA:241,0
LF:130
LH:0
end_of_record
TN:
SF:/Code/cse100_pa3/src/encoder/HCNode.hpp
FN:32,_ZN6HCNodeC2EjsPS_S0_S0_
FN:39,_ZlsRSoRK6HCNode
FN:49,_ZNK13HCNodePtrCompclERP6HCNodeS2_
FNDA:0,_ZlsRSoRK6HCNode
FNDA:52,_ZN6HCNodeC2EjsPS_S0_S0_
FNDA:117,_ZNK13HCNodePtrCompclERP6HCNodeS2_
FNF:3
FNH:2
BRDA:50,0,0,33
BRDA:50,0,1,84
BRF:2
BRH:2
DA:32,52
DA:34,52
DA:39,0
DA:40,0
DA:41,0
DA:49,117
DA:50,117
DA:51,33
DA:53,84
LF:9
LH:6
end_of_record
TN:
SF:/Code/cse100_pa3/src/encoder/HCTree.cpp
FN:13,_ZN6HCTree9deleteAllERP6HCNode
FN:23,_ZN6HCTreeD2Ev
FN:32,_ZN6HCTree5buildERKSt6vectorIjSaIjEE
FN:73,_ZNK6HCTree6encodeEsR15BitOutputStream
FN:108,_ZNK6HCTree6encodeEhRSo
FN:138,_ZNK6HCTree6decodeER14BitInputStream
FN:163,_ZNK6HCTree6decodeERSi
FN:187,_ZN6HCTree9leaveSizeEv
FN:193,_ZN6HCTree7getNodeEi
FN:201,_ZN6HCTree10encodeNodeER15BitOutputStream
FN:207,_ZN6HCTree16encodeNodeHelperERP6HCNodeR15BitOutputStream
FN:227,_ZN6HCTree16decodeNodeHelperER14BitInputStreami
FN:248,_ZN6HCTree7rebuildER14BitInputStreami
FN:250,_Z41__static_initialization_and_destruction_0ii
FN:250,_GLOBAL__sub_I_HCTree.cpp
FNDA:3,_Z41__static_initialization_and_destruction_0ii
FNDA:1,_ZN6HCTree10encodeNodeER15BitOutputStream
FNDA:6,_ZNK6HCTree6encodeEhRSo
FNDA:116,_ZN6HCTree9deleteAllERP6HCNode
FNDA:3,_ZNK6HCTree6decodeERSi
FNDA:15,_ZN6HCTree16encodeNodeHelperERP6HCNodeR15BitOutputStream
FNDA:3,_ZNK6HCTree6decodeER14BitInputStream
FNDA:1,_ZN6HCTree16decodeNodeHelperER14BitInputStreami
FNDA:3,_GLOBAL__sub_I_HCTree.cpp
FNDA:1,_ZN6HCTree7rebuildER14BitInputStreami
FNDA:12,_ZN6HCTreeD2Ev
FNDA:3,_ZN6HCTree9leaveSizeEv
FNDA:3,_ZN6HCTree7getNodeEi
FNDA:9,_ZN6HCTree5buildERKSt6vectorIjSaIjEE
FNDA:1,_ZNK6HCTree6encodeEsR15BitOutputStream
FNF:15
FNH:15
BRDA:14,0,0,64
BRDA:14,0,1,52
BRDA:36,0,1,2304
BRDA:36,0,2,9
BRDA:37,0,1,27
BRDA:37,0,2,2277
BRDA:38,0,2,27
BRDA:38,0,3,0
BRDA:38,1,6,27
BRDA:38,1,7,0
BRDA:42,0,1,3
BRDA:42,0,2,6
BRDA:44,0,1,3
BRDA:44,0,2,3
BRDA:46,4294967295,1,3
BRDA:46,4294967295,2,0
BRDA:47,4294967295,1,3
BRDA:47,4294967295,2,0
BRDA:52,0,1,21
BRDA:52,0,2,3
BRDA:55,4294967295,1,21
BRDA:55,4294967295,2,0
BRDA:57,4294967295,1,21
BRDA:57,4294967295,2,0
BRDA:60,0,1,21
BRDA:60,0,2,0
BRDA:62,4294967295,0,12
BRDA:62,4294967295,1,9
BRDA:62,0,3,12
BRDA:62,0,4,0
BRDA:63,0,0,12
BRDA:63,0,1,9
BRDA:63,1,3,12
BRDA:63,1,4,0
BRDA:64,0,1,21
BRDA:64,0,2,0
BRDA:66,1,2,3
BRDA:66,1,3,6
BRDA:75,0,1,1
BRDA:75,0,2,0
BRDA:78,1,1,8
BRDA:78,1,2,0
BRDA:79,0,1,1
BRDA:79,0,2,7
BRDA:82,0,0,1
BRDA:82,0,1,1
BRDA:84,0,0,1
BRDA:84,0,1,0
BRDA:85,0,1,1
BRDA:85,0,2,0
BRDA:88,0,1,-
BRDA:88,0,2,-
BRDA:96,0,1,1
BRDA:96,0,2,0
BRDA:97,0,1,1
BRDA:97,0,2,1
BRDA:98,0,2,1
BRDA:98,0,3,0
BRDA:109,0,1,6
BRDA:109,0,2,0
BRDA:111,1,1,29
BRDA:111,1,2,0
BRDA:112,0,1,6
BRDA:112,0,2,23
BRDA:115,0,0,20
BRDA:115,0,1,6
BRDA:117,0,0,8
BRDA:117,0,1,12
BRDA:118,0,1,8
BRDA:118,0,2,0
BRDA:120,0,1,12
BRDA:120,0,2,0
BRDA:128,1,1,20
BRDA:128,1,2,6
BRDA:129,0,2,20
BRDA:129,0,3,0
BRDA:129,1,5,20
BRDA:129,1,6,0
BRDA:147,4294967295,0,4
BRDA:147,4294967295,1,4
BRDA:153,0,0,3
BRDA:153,0,1,5
BRDA:153,1,2,3
BRDA:153,1,3,0
BRDA:170,4294967295,0,4
BRDA:170,4294967295,1,4
BRDA:176,0,0,3
BRDA:176,0,1,5
BRDA:176,1,2,3
BRDA:176,1,3,0
BRDA:209,0,0,8
BRDA:209,0,1,7
BRDA:209,1,2,8
BRDA:209,1,3,0
BRDA:211,4294967295,0,0
BRDA:211,4294967295,1,8
BRDA:218,4294967295,0,7
BRDA:218,4294967295,1,0
BRDA:219,0,0,7
BRDA:219,0,1,0
BRDA:228,0,1,0
BRDA:228,0,2,1
BRDA:232,0,1,1
BRDA:232,0,2,0
BRDA:233,0,1,1
BRDA:233,0,2,0
BRDA:233,1,4,1
BRDA:233,1,5,0
BRDA:234,4294967295,1,1
BRDA:234,4294967295,2,0
BRDA:250,3,1,3
BRDA:250,3,2,0
BRDA:250,4,3,3
BRDA:250,4,4,0
BRF:114
BRH:77
DA:13,116
DA:14,116
DA:15,52
DA:16,52
DA:17,52
DA:23,24
DA:24,12
DA:25,12
DA:26,12
DA:32,9
DA:33,18
DA:36,2313
DA:37,2304
DA:38,27
DA:42,9
DA:43,3
DA:44,6
DA:45,3
DA:46,3
DA:47,3
DA:48,3
DA:49,3
DA:52,24
DA:54,21
DA:55,21
DA:56,21
DA:57,21
DA:59,63
DA:60,21
DA:61,21
DA:62,21
DA:63,21
DA:64,21
DA:66,9
DA:73,1
DA:74,1
DA:75,2
DA:78,8
DA:79,8
DA:81,1
DA:82,2
DA:83,1
DA:84,1
DA:85,1
DA:88,0
DA:90,1
DA:92,1
DA:96,1
DA:97,2
DA:98,1
DA:99,1
DA:102,1
DA:108,6
DA:109,12
DA:111,29
DA:112,29
DA:114,6
DA:115,26
DA:116,20
DA:117,20
DA:118,8
DA:120,12
DA:121,20
DA:123,6
DA:128,26
DA:129,20
DA:131,6
DA:138,3
DA:139,3
DA:145,8
DA:146,8
DA:147,8
DA:148,4
DA:150,4
DA:153,8
DA:156,3
DA:163,3
DA:164,3
DA:168,8
DA:169,8
DA:170,8
DA:171,4
DA:173,4
DA:176,8
DA:179,3
DA:187,6
DA:193,6
DA:201,2
DA:207,15
DA:209,15
DA:210,8
DA:211,16
DA:212,0
DA:214,8
DA:217,7
DA:218,7
DA:219,7
DA:221,15
DA:227,1
DA:228,1
DA:229,0
DA:232,1
DA:233,1
DA:234,1
DA:235,1
DA:238,0
DA:239,0
DA:240,1
DA:248,1
DA:249,1
DA:250,12
LF:111
LH:106
end_of_record
TN:
SF:/Code/cse100_pa3/src/encoder/HCTree.hpp
FN:41,_ZN6HCTreeC2Ev
FNDA:12,_ZN6HCTreeC2Ev
FNF:1
FNH:1
BRDA:43,4294967295,1,12
BRDA:43,4294967295,2,0
BRF:2
BRH:1
DA:41,24
DA:42,12
DA:43,12
DA:44,12
DA:45,12
LF:5
LH:5
end_of_record
TN:
SF:/Code/cse100_pa3/src/uncompress.cpp
FN:18,_Z19pseudoDecompressionSsSs
FN:66,_Z17trueDecompressionSsSs
FN:136,_Z18extraDecompressionSsSs
FN:220,main
FN:258,_Z41__static_initialization_and_destruction_0ii
FN:258,_GLOBAL__sub_I__Z19pseudoDecompressionSsSs
FNDA:0,_Z41__static_initialization_and_destruction_0ii
FNDA:0,_Z17trueDecompressionSsSs
FNDA:0,_Z19pseudoDecompressionSsSs
FNDA:0,_Z18extraDecompressionSsSs
FNDA:0,_GLOBAL__sub_I__Z19pseudoDecompressionSsSs
FNDA:0,main
FNF:6
FNH:0
DA:18,0
DA:19,0
DA:20,0
DA:24,0
DA:25,0
DA:26,0
DA:29,0
DA:30,0
DA:31,0
DA:32,0
DA:35,0
DA:37,0
DA:38,0
DA:39,0
DA:41,0
DA:42,0
DA:43,0
DA:47,0
DA:49,0
DA:50,0
DA:51,0
DA:52,0
DA:53,0
DA:55,0
DA:56,0
DA:58,0
DA:59,0
DA:66,0
DA:67,0
DA:68,0
DA:72,0
DA:73,0
DA:76,0
DA:77,0
DA:78,0
DA:79,0
DA:82,0
DA:85,0
DA:86,0
DA:88,0
DA:89,0
DA:91,0
DA:92,0
DA:93,0
DA:96,0
DA:97,0
DA:98,0
DA:100,0
DA:102,0
DA:103,0
DA:105,0
DA:106,0
DA:107,0
DA:108,0
DA:111,0
DA:112,0
DA:113,0
DA:114,0
DA:115,0
DA:116,0
DA:117,0
DA:119,0
DA:120,0
DA:121,0
DA:122,0
DA:126,0
DA:128,0
DA:129,0
DA:130,0
DA:136,0
DA:137,0
DA:138,0
DA:142,0
DA:143,0
DA:147,0
DA:148,0
DA:149,0
DA:150,0
DA:153,0
DA:155,0
DA:157,0
DA:158,0
DA:161,0
DA:163,0
DA:164,0
DA:165,0
DA:166,0
DA:167,0
DA:168,0
DA:169,0
DA:170,0
DA:171,0
DA:174,0
DA:175,0
DA:176,0
DA:179,0
DA:181,0
DA:182,0
DA:185,0
DA:186,0
DA:188,0
DA:189,0
DA:190,0
DA:191,0
DA:194,0
DA:195,0
DA:196,0
DA:197,0
DA:198,0
DA:199,0
DA:200,0
DA:202,0
DA:203,0
DA:204,0
DA:205,0
DA:209,0
DA:211,0
DA:212,0
DA:213,0
DA:214,0
DA:216,0
DA:217,0
DA:220,0
DA:222,0
DA:223,0
DA:225,0
DA:226,0
DA:227,0
DA:228,0
DA:230,0
DA:232,0
DA:233,0
DA:234,0
DA:235,0
DA:236,0
DA:237,0
DA:239,0
DA:240,0
DA:241,0
DA:242,0
DA:247,0
DA:248,0
DA:257,0
DA:258,0
LF:144
LH:0
end_of_record
